This is pdfTeXk, Version 3.141592-1.40.3 (Web2C 7.5.6) (format=pdflatex 2012.12.30)  1 AUG 2014 14:52
entering extended mode
 %&-line parsing enabled.
**Final.tex
(./Final.tex
LaTeX2e <2005/12/01>
Babel <v3.8h> and hyphenation patterns for english, usenglishmax, dumylang, noh
yphenation, arabic, basque, bulgarian, coptic, welsh, czech, slovak, german, ng
erman, danish, esperanto, spanish, catalan, galician, estonian, farsi, finnish,
 french, greek, monogreek, ancientgreek, croatian, hungarian, interlingua, ibyc
us, indonesian, icelandic, italian, latin, mongolian, dutch, norsk, polish, por
tuguese, pinyin, romanian, russian, slovenian, uppersorbian, serbian, swedish, 
turkish, ukenglish, ukrainian, loaded.
(/usr/share/texmf/tex/latex/base/article.cls
Document Class: article 2005/09/16 v1.4f Standard LaTeX document class
(/usr/share/texmf/tex/latex/base/size12.clo
File: size12.clo 2005/09/16 v1.4f Standard LaTeX file (size option)
)
\c@part=\count79
\c@section=\count80
\c@subsection=\count81
\c@subsubsection=\count82
\c@paragraph=\count83
\c@subparagraph=\count84
\c@figure=\count85
\c@table=\count86
\abovecaptionskip=\skip41
\belowcaptionskip=\skip42
\bibindent=\dimen102
)
(/usr/share/texmf/tex/latex/preprint/fullpage.sty
Package: fullpage 1999/02/23 1.1 (PWD)
\FP@margin=\skip43
)
(/usr/share/texmf/tex/latex/preprint/authblk.sty
Package: authblk 2001/02/27 1.3 (PWD)
\affilsep=\skip44
\@affilsep=\skip45
\c@Maxaffil=\count87
\c@authors=\count88
\c@affil=\count89
)
(/usr/share/texmf/tex/latex/graphics/graphicx.sty
Package: graphicx 1999/02/16 v1.0f Enhanced LaTeX Graphics (DPC,SPQR)

(/usr/share/texmf/tex/latex/graphics/keyval.sty
Package: keyval 1999/03/16 v1.13 key=value parser (DPC)
\KV@toks@=\toks14
)
(/usr/share/texmf/tex/latex/graphics/graphics.sty
Package: graphics 2006/02/20 v1.0o Standard LaTeX Graphics (DPC,SPQR)

(/usr/share/texmf/tex/latex/graphics/trig.sty
Package: trig 1999/03/16 v1.09 sin cos tan (DPC)
)
(/usr/share/texmf/tex/latex/config/graphics.cfg
File: graphics.cfg 2007/01/18 v1.5 graphics configuration of teTeX/TeXLive
)
Package graphics Info: Driver file: pdftex.def on input line 90.

(/usr/share/texmf/tex/latex/pdftex-def/pdftex.def
File: pdftex.def 2007/01/08 v0.04d Graphics/color for pdfTeX
\Gread@gobject=\count90
))
\Gin@req@height=\dimen103
\Gin@req@width=\dimen104
)
(/usr/share/texmf/tex/latex/float/float.sty
Package: float 2001/11/08 v1.3d Float enhancements (AL)
\c@float@type=\count91
\float@exts=\toks15
\float@box=\box26
\@float@everytoks=\toks16
\@floatcapt=\box27
)
(/usr/local/share/texmf/tex/latex/ltxmisc/url.sty
\Urlmuskip=\muskip10
Package: url 2005/06/27  ver 3.2  Verb mode for urls, etc.
) (./Final.aux)
\openout1 = `Final.aux'.

LaTeX Font Info:    Checking defaults for OML/cmm/m/it on input line 10.
LaTeX Font Info:    ... okay on input line 10.
LaTeX Font Info:    Checking defaults for T1/cmr/m/n on input line 10.
LaTeX Font Info:    ... okay on input line 10.
LaTeX Font Info:    Checking defaults for OT1/cmr/m/n on input line 10.
LaTeX Font Info:    ... okay on input line 10.
LaTeX Font Info:    Checking defaults for OMS/cmsy/m/n on input line 10.
LaTeX Font Info:    ... okay on input line 10.
LaTeX Font Info:    Checking defaults for OMX/cmex/m/n on input line 10.
LaTeX Font Info:    ... okay on input line 10.
LaTeX Font Info:    Checking defaults for U/cmr/m/n on input line 10.
LaTeX Font Info:    ... okay on input line 10.
LaTeX Font Info:    External font `cmex10' loaded for size
(Font)              <14.4> on input line 20.
LaTeX Font Info:    External font `cmex10' loaded for size
(Font)              <7> on input line 20.
 [1

{/usr/share/texmf/fonts/map/pdftex/updmap/pdftex.map}]
</var/phy/project/hep/neutrino/work/jms212/gproject/REU2014/NeutronShieldingSD/
extraPics/cenns_feynman.png, id=10, 595.22375pt x 670.505pt>
File: /var/phy/project/hep/neutrino/work/jms212/gproject/REU2014/NeutronShieldi
ngSD/extraPics/cenns_feynman.png Graphic file (type png)

<use /var/phy/project/hep/neutrino/work/jms212/gproject/REU2014/NeutronShieldin
gSD/extraPics/cenns_feynman.png>
LaTeX Font Info:    Try loading font information for OMS+cmr on input line 45.
 (/usr/share/texmf/tex/latex/base/omscmr.fd
File: omscmr.fd 1999/05/25 v2.5h Standard LaTeX font definitions
)
LaTeX Font Info:    Font shape `OMS/cmr/m/n' in size <12> not available
(Font)              Font shape `OMS/cmsy/m/n' tried instead on input line 45.

[2 </var/phy/project/hep/neutrino/work/jms212/gproject/REU2014/NeutronShielding
SD/extraPics/cenns_feynman.png>]
LaTeX Font Info:    External font `cmex10' loaded for size
(Font)              <12> on input line 55.
LaTeX Font Info:    External font `cmex10' loaded for size
(Font)              <8> on input line 55.
LaTeX Font Info:    External font `cmex10' loaded for size
(Font)              <6> on input line 55.

</var/phy/project/hep/neutrino/work/jms212/gproject/REU2014/NeutronShieldingSD/
extraPics/1LayerDetector.png, id=16, 606.265pt x 632.3625pt>
File: /var/phy/project/hep/neutrino/work/jms212/gproject/REU2014/NeutronShieldi
ngSD/extraPics/1LayerDetector.png Graphic file (type png)

<use /var/phy/project/hep/neutrino/work/jms212/gproject/REU2014/NeutronShieldin
gSD/extraPics/1LayerDetector.png> [3]
</var/phy/project/hep/neutrino/work/jms212/gproject/REU2014/NeutronShieldingSD/
extraPics/2LayerDetector.png, id=24, 606.265pt x 632.3625pt>
File: /var/phy/project/hep/neutrino/work/jms212/gproject/REU2014/NeutronShieldi
ngSD/extraPics/2LayerDetector.png Graphic file (type png)

<use /var/phy/project/hep/neutrino/work/jms212/gproject/REU2014/NeutronShieldin
gSD/extraPics/2LayerDetector.png>
Overfull \hbox (3.65962pt too wide) in paragraph at lines 119--120
[]\OT1/cmr/m/n/12 Boron-doped polyethy-lene (BdP) was cho-sen as the in-ner shi
eld ma-te-rial be-cause polyethy-
 []

[4 </var/phy/project/hep/neutrino/work/jms212/gproject/REU2014/NeutronShielding
SD/extraPics/1LayerDetector.png (PNG copy)> </var/phy/project/hep/neutrino/work
/jms212/gproject/REU2014/NeutronShieldingSD/extraPics/2LayerDetector.png (PNG c
opy)>]
</var/phy/project/hep/neutrino/work/jms212/gproject/REU2014/NeutronShieldingSD/
oneLayer/directions.png, id=28, 598.235pt x 574.145pt>
File: /var/phy/project/hep/neutrino/work/jms212/gproject/REU2014/NeutronShieldi
ngSD/oneLayer/directions.png Graphic file (type png)

<use /var/phy/project/hep/neutrino/work/jms212/gproject/REU2014/NeutronShieldin
gSD/oneLayer/directions.png>
</var/phy/project/hep/neutrino/work/jms212/gproject/REU2014/NeutronShieldingSD/
oneLayer/directionsSlice.png, id=30, 598.235pt x 574.145pt>
File: /var/phy/project/hep/neutrino/work/jms212/gproject/REU2014/NeutronShieldi
ngSD/oneLayer/directionsSlice.png Graphic file (type png)

<use /var/phy/project/hep/neutrino/work/jms212/gproject/REU2014/NeutronShieldin
gSD/oneLayer/directionsSlice.png>
</var/phy/project/hep/neutrino/work/jms212/gproject/REU2014/NeutronShieldingSD/
oneLayer/vertices.png, id=32, 598.235pt x 574.145pt>
File: /var/phy/project/hep/neutrino/work/jms212/gproject/REU2014/NeutronShieldi
ngSD/oneLayer/vertices.png Graphic file (type png)

<use /var/phy/project/hep/neutrino/work/jms212/gproject/REU2014/NeutronShieldin
gSD/oneLayer/vertices.png>
</var/phy/project/hep/neutrino/work/jms212/gproject/REU2014/NeutronShieldingSD/
oneLayer/verticesSlice.png, id=34, 598.235pt x 574.145pt>
File: /var/phy/project/hep/neutrino/work/jms212/gproject/REU2014/NeutronShieldi
ngSD/oneLayer/verticesSlice.png Graphic file (type png)

<use /var/phy/project/hep/neutrino/work/jms212/gproject/REU2014/NeutronShieldin
gSD/oneLayer/verticesSlice.png> [5 </var/phy/project/hep/neutrino/work/jms212/g
project/REU2014/NeutronShieldingSD/oneLayer/directions.png (PNG copy)> </var/ph
y/project/hep/neutrino/work/jms212/gproject/REU2014/NeutronShieldingSD/oneLayer
/directionsSlice.png (PNG copy)>]
</var/phy/project/hep/neutrino/work/jms212/gproject/REU2014/NeutronShieldingSD/
oneLayer/detRatio.png, id=41, 698.61pt x 473.77pt>
File: /var/phy/project/hep/neutrino/work/jms212/gproject/REU2014/NeutronShieldi
ngSD/oneLayer/detRatio.png Graphic file (type png)

<use /var/phy/project/hep/neutrino/work/jms212/gproject/REU2014/NeutronShieldin
gSD/oneLayer/detRatio.png>
</var/phy/project/hep/neutrino/work/jms212/gproject/REU2014/NeutronShieldingSD/
oneLayer/size.png, id=42, 698.61pt x 473.77pt>
File: /var/phy/project/hep/neutrino/work/jms212/gproject/REU2014/NeutronShieldi
ngSD/oneLayer/size.png Graphic file (type png)

<use /var/phy/project/hep/neutrino/work/jms212/gproject/REU2014/NeutronShieldin
gSD/oneLayer/size.png> [6 </var/phy/project/hep/neutrino/work/jms212/gproject/R
EU2014/NeutronShieldingSD/oneLayer/vertices.png (PNG copy)> </var/phy/project/h
ep/neutrino/work/jms212/gproject/REU2014/NeutronShieldingSD/oneLayer/verticesSl
ice.png (PNG copy)>]
</var/phy/project/hep/neutrino/work/jms212/gproject/REU2014/NeutronShieldingSD/
oneLayer/energy.png, id=48, 698.61pt x 473.77pt>
File: /var/phy/project/hep/neutrino/work/jms212/gproject/REU2014/NeutronShieldi
ngSD/oneLayer/energy.png Graphic file (type png)

<use /var/phy/project/hep/neutrino/work/jms212/gproject/REU2014/NeutronShieldin
gSD/oneLayer/energy.png>
Missing character: There is no â in font cmr12!
Missing character: There is no € in font cmr12!
Missing character: There is no ™ in font cmr12!
 [7 </var/phy/project/hep/neutrino/work/jms212/gproject/REU2014/NeutronShieldin
gSD/oneLayer/detRatio.png (PNG copy)> </var/phy/project/hep/neutrino/work/jms21
2/gproject/REU2014/NeutronShieldingSD/oneLayer/size.png (PNG copy)> </var/phy/p
roject/hep/neutrino/work/jms212/gproject/REU2014/NeutronShieldingSD/oneLayer/en
ergy.png (PNG copy)>]
</var/phy/project/hep/neutrino/work/jms212/gproject/REU2014/NeutronShieldingSD/
twoLayers/shield2Ratio.png, id=53, 698.61pt x 473.77pt>
File: /var/phy/project/hep/neutrino/work/jms212/gproject/REU2014/NeutronShieldi
ngSD/twoLayers/shield2Ratio.png Graphic file (type png)

<use /var/phy/project/hep/neutrino/work/jms212/gproject/REU2014/NeutronShieldin
gSD/twoLayers/shield2Ratio.png>
</var/phy/project/hep/neutrino/work/jms212/gproject/REU2014/NeutronShieldingSD/
twoLayers/size2.png, id=54, 698.61pt x 473.77pt>
File: /var/phy/project/hep/neutrino/work/jms212/gproject/REU2014/NeutronShieldi
ngSD/twoLayers/size2.png Graphic file (type png)

<use /var/phy/project/hep/neutrino/work/jms212/gproject/REU2014/NeutronShieldin
gSD/twoLayers/size2.png>
</var/phy/project/hep/neutrino/work/jms212/gproject/REU2014/NeutronShieldingSD/
twoLayers/energy2.png, id=55, 698.61pt x 473.77pt>
File: /var/phy/project/hep/neutrino/work/jms212/gproject/REU2014/NeutronShieldi
ngSD/twoLayers/energy2.png Graphic file (type png)

<use /var/phy/project/hep/neutrino/work/jms212/gproject/REU2014/NeutronShieldin
gSD/twoLayers/energy2.png>
</var/phy/project/hep/neutrino/work/jms212/gproject/REU2014/NeutronShieldingSD/
twoLayers/dope.png, id=56, 698.61pt x 473.77pt>
File: /var/phy/project/hep/neutrino/work/jms212/gproject/REU2014/NeutronShieldi
ngSD/twoLayers/dope.png Graphic file (type png)

<use /var/phy/project/hep/neutrino/work/jms212/gproject/REU2014/NeutronShieldin
gSD/twoLayers/dope.png> [8 </var/phy/project/hep/neutrino/work/jms212/gproject/
REU2014/NeutronShieldingSD/twoLayers/shield2Ratio.png (PNG copy)> </var/phy/pro
ject/hep/neutrino/work/jms212/gproject/REU2014/NeutronShieldingSD/twoLayers/siz
e2.png (PNG copy)> </var/phy/project/hep/neutrino/work/jms212/gproject/REU2014/
NeutronShieldingSD/twoLayers/energy2.png (PNG copy)> </var/phy/project/hep/neut
rino/work/jms212/gproject/REU2014/NeutronShieldingSD/twoLayers/dope.png (PNG co
py)>]
</var/phy/project/hep/neutrino/work/jms212/gproject/REU2014/NeutronShieldingSD/
Edep/1MeV_lXe.png, id=60, 698.61pt x 473.77pt>
File: /var/phy/project/hep/neutrino/work/jms212/gproject/REU2014/NeutronShieldi
ngSD/Edep/1MeV_lXe.png Graphic file (type png)

<use /var/phy/project/hep/neutrino/work/jms212/gproject/REU2014/NeutronShieldin
gSD/Edep/1MeV_lXe.png>
</var/phy/project/hep/neutrino/work/jms212/gproject/REU2014/NeutronShieldingSD/
Edep/1MeV_lXe2.png, id=61, 698.61pt x 473.77pt>
File: /var/phy/project/hep/neutrino/work/jms212/gproject/REU2014/NeutronShieldi
ngSD/Edep/1MeV_lXe2.png Graphic file (type png)

<use /var/phy/project/hep/neutrino/work/jms212/gproject/REU2014/NeutronShieldin
gSD/Edep/1MeV_lXe2.png>
</var/phy/project/hep/neutrino/work/jms212/gproject/REU2014/NeutronShieldingSD/
extraPics/poly.png, id=62, 698.61pt x 473.77pt>
File: /var/phy/project/hep/neutrino/work/jms212/gproject/REU2014/NeutronShieldi
ngSD/extraPics/poly.png Graphic file (type png)

<use /var/phy/project/hep/neutrino/work/jms212/gproject/REU2014/NeutronShieldin
gSD/extraPics/poly.png>
</var/phy/project/hep/neutrino/work/jms212/gproject/REU2014/NeutronShieldingSD/
extraPics/nopoly.png, id=63, 698.61pt x 473.77pt>
File: /var/phy/project/hep/neutrino/work/jms212/gproject/REU2014/NeutronShieldi
ngSD/extraPics/nopoly.png Graphic file (type png)

<use /var/phy/project/hep/neutrino/work/jms212/gproject/REU2014/NeutronShieldin
gSD/extraPics/nopoly.png> [9 </var/phy/project/hep/neutrino/work/jms212/gprojec
t/REU2014/NeutronShieldingSD/Edep/1MeV_lXe.png (PNG copy)> </var/phy/project/he
p/neutrino/work/jms212/gproject/REU2014/NeutronShieldingSD/Edep/1MeV_lXe2.png (
PNG copy)>] <../LeadBox/NewDetector.png, id=67, 606.265pt x 632.3625pt>
File: ../LeadBox/NewDetector.png Graphic file (type png)

<use ../LeadBox/NewDetector.png>
<../LeadBox/Edep/means.png, id=68, 698.61pt x 473.77pt>
File: ../LeadBox/Edep/means.png Graphic file (type png)

<use ../LeadBox/Edep/means.png> [10 </var/phy/project/hep/neutrino/work/jms212/
gproject/REU2014/NeutronShieldingSD/extraPics/poly.png (PNG copy)> </var/phy/pr
oject/hep/neutrino/work/jms212/gproject/REU2014/NeutronShieldingSD/extraPics/no
poly.png (PNG copy)>]
<../LeadBox/Edep/1000keV_Edep.png, id=72, 698.61pt x 473.77pt>
File: ../LeadBox/Edep/1000keV_Edep.png Graphic file (type png)

<use ../LeadBox/Edep/1000keV_Edep.png>
<../LeadBox/Edep/10000keV_Edep.png, id=73, 698.61pt x 473.77pt>
File: ../LeadBox/Edep/10000keV_Edep.png Graphic file (type png)

<use ../LeadBox/Edep/10000keV_Edep.png> [11 <../LeadBox/NewDetector.png (PNG co
py)> <../LeadBox/Edep/means.png (PNG copy)> <../LeadBox/Edep/1000keV_Edep.png (
PNG copy)> <../LeadBox/Edep/10000keV_Edep.png (PNG copy)>] (./Final.bbl)
[12] (./Final.aux) ) 
Here is how much of TeX's memory you used:
 985 strings out of 256216
 18950 string characters out of 1917071
 59366 words of memory out of 1500000
 4266 multiletter control sequences out of 10000+200000
 9971 words of font info for 35 fonts, out of 1200000 for 2000
 645 hyphenation exceptions out of 8191
 25i,10n,20p,864b,282s stack positions out of 5000i,500n,6000p,200000b,15000s
</usr/share/texmf/fonts/type1/bluesky/cm/cmbx10.pfb></usr/s
hare/texmf/fonts/type1/bluesky/cm/cmbx12.pfb></usr/share/texmf/fonts/type1/blue
sky/cm/cmmi12.pfb></usr/share/texmf/fonts/type1/bluesky/cm/cmmi8.pfb></usr/shar
e/texmf/fonts/type1/bluesky/cm/cmr10.pfb></usr/share/texmf/fonts/type1/bluesky/
cm/cmr12.pfb></usr/share/texmf/fonts/type1/bluesky/cm/cmr17.pfb></usr/share/tex
mf/fonts/type1/bluesky/cm/cmr8.pfb></usr/share/texmf/fonts/type1/bluesky/cm/cms
y10.pfb></usr/share/texmf/fonts/type1/bluesky/cm/cmsy8.pfb></usr/share/texmf/fo
nts/type1/bluesky/cm/cmti12.pfb></usr/share/texmf/fonts/type1/bluesky/cm/cmtt12
.pfb>
Output written on Final.pdf (12 pages, 458693 bytes).
PDF statistics:
 119 PDF objects out of 1000 (max. 8388607)
 0 named destinations out of 1000 (max. 131072)
 135 words of extra memory for PDF output out of 10000 (max. 10000000)

